00:34:59 **** Incremental Build of configuration Debug for project DIP_Switch_dis_on_7_seg ****
make all 
Building file: ../DIP_Switch.c
Invoking: AVR Compiler
avr-gcc -Wall -g2 -gstabs -O0 -fpack-struct -fshort-enums -ffunction-sections -fdata-sections -std=gnu99 -funsigned-char -funsigned-bitfields -mmcu=atmega32 -DF_CPU=1000000UL -MMD -MP -MF"DIP_Switch.d" -MT"DIP_Switch.o" -c -o "DIP_Switch.o" "../DIP_Switch.c"
In file included from ../DIP_Switch.c:2:
c:/winavr-20100110/lib/gcc/../../avr/include/util/delay.h:90:3: warning: #warning "Compiler optimizations disabled; functions from <util/delay.h> won't work as designed"
Finished building: ../DIP_Switch.c
 
Building target: DIP_Switch_dis_on_7_seg.elf
Invoking: AVR C Linker
avr-gcc -Wl,-Map,DIP_Switch_dis_on_7_seg.map -mmcu=atmega32 -o "DIP_Switch_dis_on_7_seg.elf"  ./DIP_Switch.o   
Finished building target: DIP_Switch_dis_on_7_seg.elf
 
Invoking: AVR Create Extended Listing
avr-objdump -h -S DIP_Switch_dis_on_7_seg.elf  >"DIP_Switch_dis_on_7_seg.lss"
Finished building: DIP_Switch_dis_on_7_seg.lss
 
Create Flash image (ihex format)
avr-objcopy -R .eeprom -R .fuse -R .lock -R .signature -O ihex DIP_Switch_dis_on_7_seg.elf  "DIP_Switch_dis_on_7_seg.hex"
Finished building: DIP_Switch_dis_on_7_seg.hex
 
Invoking: Print Size
avr-size --format=avr --mcu=atmega32 DIP_Switch_dis_on_7_seg.elf
AVR Memory Usage
----------------
Device: atmega32

Program:    3962 bytes (12.1% Full)
(.text + .data + .bootloader)

Data:         18 bytes (0.9% Full)
(.data + .bss + .noinit)


Finished building: sizedummy
 

00:35:00 Build Finished. 0 errors, 1 warnings. (took 1s.49ms)

