18:57:48 **** Incremental Build of configuration Debug for project ICU ****
make all 
Building file: ../ICU.c
Invoking: AVR Compiler
avr-gcc -Wall -g2 -gstabs -O0 -fpack-struct -fshort-enums -ffunction-sections -fdata-sections -std=gnu99 -funsigned-char -funsigned-bitfields -mmcu=atmega32 -DF_CPU=8000000UL -MMD -MP -MF"ICU.d" -MT"ICU.o" -c -o "ICU.o" "../ICU.c"
In file included from ../ICU.c:9:
c:/winavr-20100110/lib/gcc/../../avr/include/util\delay.h:90:3: warning: #warning "Compiler optimizations disabled; functions from <util/delay.h> won't work as designed"
../LCD.h:28: warning: 'send_falling_edge' declared 'static' but never defined
Finished building: ../ICU.c
 
Building target: ICU.elf
Invoking: AVR C Linker
avr-gcc -Wl,-Map,ICU.map -mmcu=atmega32 -o "ICU.elf"  ./DIO.o ./ICU.o ./LCD.o ./timer.o   
Finished building target: ICU.elf
 
Invoking: AVR Create Extended Listing
avr-objdump -h -S ICU.elf  >"ICU.lss"
Finished building: ICU.lss
 
Create Flash image (ihex format)
avr-objcopy -R .eeprom -R .fuse -R .lock -R .signature -O ihex ICU.elf  "ICU.hex"
Finished building: ICU.hex
 
Invoking: Print Size
avr-size --format=avr --mcu=atmega32 ICU.elf
AVR Memory Usage
----------------
Device: atmega32

Program:   11158 bytes (34.1% Full)
(.text + .data + .bootloader)

Data:        292 bytes (14.3% Full)
(.data + .bss + .noinit)


Finished building: sizedummy
 

18:57:49 Build Finished. 0 errors, 2 warnings. (took 902ms)

