01:10:05 **** Build of configuration Debug for project LEC_2_NTI ****
make all 
Building file: ../main.c
Invoking: AVR Compiler
avr-gcc -Wall -g2 -gstabs -O0 -fpack-struct -fshort-enums -ffunction-sections -fdata-sections -std=gnu99 -funsigned-char -funsigned-bitfields -mmcu=atmega32 -DF_CPU=1000000UL -MMD -MP -MF"main.d" -MT"main.o" -c -o "main.o" "../main.c"
In file included from ../main.c:1:
c:/winavr-20100110/lib/gcc/../../avr/include/util\delay.h:90:3: warning: #warning "Compiler optimizations disabled; functions from <util/delay.h> won't work as designed"
../main.c:3:18: warning: time.h: No such file or directory
Finished building: ../main.c
 
Building target: LEC_2_NTI.elf
Invoking: AVR C Linker
avr-gcc -Wl,-Map,LEC_2_NTI.map -mmcu=atmega32 -o "LEC_2_NTI.elf"  ./main.o   
Finished building target: LEC_2_NTI.elf
 
Invoking: AVR Create Extended Listing
avr-objdump -h -S LEC_2_NTI.elf  >"LEC_2_NTI.lss"
Finished building: LEC_2_NTI.lss
 
Create Flash image (ihex format)
avr-objcopy -R .eeprom -R .fuse -R .lock -R .signature -O ihex LEC_2_NTI.elf  "LEC_2_NTI.hex"
Finished building: LEC_2_NTI.hex
 
Invoking: Print Size
avr-size --format=avr --mcu=atmega32 LEC_2_NTI.elf
AVR Memory Usage
----------------
Device: atmega32

Program:    3422 bytes (10.4% Full)
(.text + .data + .bootloader)

Data:         18 bytes (0.9% Full)
(.data + .bss + .noinit)


Finished building: sizedummy
 

01:10:06 Build Finished. 0 errors, 2 warnings. (took 1s.43ms)

