21:34:47 **** Incremental Build of configuration Debug for project master_send_string ****
make all 
Building file: ../SPI_driver.c
Invoking: AVR Compiler
avr-gcc -Wall -g2 -gstabs -O0 -fpack-struct -fshort-enums -ffunction-sections -fdata-sections -std=gnu99 -funsigned-char -funsigned-bitfields -mmcu=atmega32 -DF_CPU=8000000UL -MMD -MP -MF"SPI_driver.d" -MT"SPI_driver.o" -c -o "SPI_driver.o" "../SPI_driver.c"
In file included from ../SPI_driver.c:13:
c:/winavr-20100110/lib/gcc/../../avr/include/util/delay.h:90:3: warning: #warning "Compiler optimizations disabled; functions from <util/delay.h> won't work as designed"
Finished building: ../SPI_driver.c
 
Building file: ../master send string.c
Invoking: AVR Compiler
avr-gcc -Wall -g2 -gstabs -O0 -fpack-struct -fshort-enums -ffunction-sections -fdata-sections -std=gnu99 -funsigned-char -funsigned-bitfields -mmcu=atmega32 -DF_CPU=8000000UL -MMD -MP -MF"master send string.d" -MT"master send string.o" -c -o "master send string.o" "../master send string.c"
In file included from ../master send string.c:12:
c:/winavr-20100110/lib/gcc/../../avr/include/util/delay.h:90:3: warning: #warning "Compiler optimizations disabled; functions from <util/delay.h> won't work as designed"
../master send string.c: In function 'main':
../master send string.c:17: warning: pointer targets in passing argument 1 of 'SPI_MasterTransmitstring' differ in signedness
Finished building: ../master send string.c
 
Building target: master_send_string.elf
Invoking: AVR C Linker
avr-gcc -Wl,-Map,master_send_string.map -mmcu=atmega32 -o "master_send_string.elf"  ./DIO.o ./SPI_driver.o ./master\ send\ string.o   
Finished building target: master_send_string.elf
 
Invoking: AVR Create Extended Listing
avr-objdump -h -S master_send_string.elf  >"master_send_string.lss"
Finished building: master_send_string.lss
 
Create Flash image (ihex format)
avr-objcopy -R .eeprom -R .fuse -R .lock -R .signature -O ihex master_send_string.elf  "master_send_string.hex"
Finished building: master_send_string.hex
 
Invoking: Print Size
avr-size --format=avr --mcu=atmega32 master_send_string.elf
AVR Memory Usage
----------------
Device: atmega32

Program:    6636 bytes (20.3% Full)
(.text + .data + .bootloader)

Data:         26 bytes (1.3% Full)
(.data + .bss + .noinit)


Finished building: sizedummy
 

21:34:48 Build Finished. 0 errors, 3 warnings. (took 781ms)

